{"/home/runner/work/poc-jest/poc-jest/src/server/lib/calc.ts": {"path":"/home/runner/work/poc-jest/poc-jest/src/server/lib/calc.ts","statementMap":{"0":{"start":{"line":8,"column":19},"end":{"line":8,"column":58}},"1":{"start":{"line":8,"column":53},"end":{"line":8,"column":58}},"2":{"start":{"line":8,"column":13},"end":{"line":8,"column":19}}},"fnMap":{"0":{"name":"(anonymous_0)","decl":{"start":{"line":8,"column":19},"end":{"line":8,"column":20}},"loc":{"start":{"line":8,"column":53},"end":{"line":8,"column":58}}}},"branchMap":{},"s":{"0":1,"1":3,"2":1},"f":{"0":3},"b":{}}
}
